<?xml version="1.0" encoding="UTF-8"?>
<testng-results ignored="0" total="4" passed="4" failed="0" skipped="0">
  <reporter-output>
  </reporter-output>
  <suite started-at="2026-01-03T16:25:22 IST" name="Suite" finished-at="2026-01-03T16:26:31 IST" duration-ms="68562">
    <groups>
    </groups>
    <test started-at="2026-01-03T16:25:22 IST" name="Test" finished-at="2026-01-03T16:26:31 IST" duration-ms="68562">
      <class name="tests.TestCase">
        <test-method is-config="true" signature="setup()[pri:0, instance:tests.TestCase@28701274]" started-at="2026-01-03T16:25:22 IST" name="setup" finished-at="2026-01-03T16:25:33 IST" duration-ms="10708" status="PASS">
          <reporter-output>
          </reporter-output>
        </test-method> <!-- setup -->
        <test-method signature="searchItem()[pri:1, instance:tests.TestCase@28701274]" started-at="2026-01-03T16:25:33 IST" name="searchItem" finished-at="2026-01-03T16:25:43 IST" duration-ms="10567" status="PASS">
          <reporter-output>
          </reporter-output>
        </test-method> <!-- searchItem -->
        <test-method signature="prodDetails()[pri:2, instance:tests.TestCase@28701274]" started-at="2026-01-03T16:25:44 IST" name="prodDetails" finished-at="2026-01-03T16:25:49 IST" duration-ms="5729" status="PASS">
          <reporter-output>
          </reporter-output>
        </test-method> <!-- prodDetails -->
        <test-method signature="loginTest()[pri:3, instance:tests.TestCase@28701274]" started-at="2026-01-03T16:25:49 IST" name="loginTest" finished-at="2026-01-03T16:26:20 IST" duration-ms="30871" status="PASS">
          <reporter-output>
          </reporter-output>
        </test-method> <!-- loginTest -->
        <test-method signature="cardPayTest()[pri:5, instance:tests.TestCase@28701274]" started-at="2026-01-03T16:26:20 IST" name="cardPayTest" finished-at="2026-01-03T16:26:31 IST" duration-ms="10426" status="PASS">
          <reporter-output>
          </reporter-output>
        </test-method> <!-- cardPayTest -->
        <test-method is-config="true" signature="teardown()[pri:0, instance:tests.TestCase@28701274]" started-at="2026-01-03T16:26:31 IST" name="teardown" finished-at="2026-01-03T16:26:31 IST" duration-ms="142" status="PASS">
          <reporter-output>
          </reporter-output>
        </test-method> <!-- teardown -->
      </class> <!-- tests.TestCase -->
    </test> <!-- Test -->
  </suite> <!-- Suite -->
</testng-results>
