<?xml version="1.0" encoding="UTF-8"?>
<!-- Generated by org.testng.reporters.JUnitReportReporter -->
<testsuite hostname="Gayathri-B-FH9LG4KYXX.local" failures="0" tests="4" name="tests.TestCase" time="57.593" errors="0" timestamp="2026-01-03T16:26:36 IST" skipped="0">
  <testcase classname="tests.TestCase" name="searchItem" time="10.567"/>
  <testcase classname="tests.TestCase" name="prodDetails" time="5.729"/>
  <testcase classname="tests.TestCase" name="loginTest" time="30.871"/>
  <testcase classname="tests.TestCase" name="cardPayTest" time="10.426"/>
</testsuite> <!-- tests.TestCase -->
